04:14:03 **** Build of configuration Debug for project Standard_Embedded_Diploma_Mini_Project_3 ****
make all 
Building file: ../adc.c
Invoking: AVR Compiler
avr-gcc -Wall -g2 -gstabs -O0 -fpack-struct -fshort-enums -ffunction-sections -fdata-sections -std=gnu99 -funsigned-char -funsigned-bitfields -mmcu=atmega32 -DF_CPU=16000000UL -MMD -MP -MF"adc.d" -MT"adc.o" -c -o "adc.o" "../adc.c"
Finished building: ../adc.c
 
Building file: ../gpio.c
Invoking: AVR Compiler
avr-gcc -Wall -g2 -gstabs -O0 -fpack-struct -fshort-enums -ffunction-sections -fdata-sections -std=gnu99 -funsigned-char -funsigned-bitfields -mmcu=atmega32 -DF_CPU=16000000UL -MMD -MP -MF"gpio.d" -MT"gpio.o" -c -o "gpio.o" "../gpio.c"
Finished building: ../gpio.c
 
Building file: ../lcd.c
Invoking: AVR Compiler
avr-gcc -Wall -g2 -gstabs -O0 -fpack-struct -fshort-enums -ffunction-sections -fdata-sections -std=gnu99 -funsigned-char -funsigned-bitfields -mmcu=atmega32 -DF_CPU=16000000UL -MMD -MP -MF"lcd.d" -MT"lcd.o" -c -o "lcd.o" "../lcd.c"
In file included from ../lcd.c:13:
c:/winavr-20100110/lib/gcc/../../avr/include/util/delay.h:90:3: warning: #warning "Compiler optimizations disabled; functions from <util/delay.h> won't work as designed"
../lcd.c: In function 'LCD_intgerToString':
../lcd.c:209: warning: implicit declaration of function 'itoa'
Finished building: ../lcd.c
 
Building file: ../main.c
Invoking: AVR Compiler
avr-gcc -Wall -g2 -gstabs -O0 -fpack-struct -fshort-enums -ffunction-sections -fdata-sections -std=gnu99 -funsigned-char -funsigned-bitfields -mmcu=atmega32 -DF_CPU=16000000UL -MMD -MP -MF"main.d" -MT"main.o" -c -o "main.o" "../main.c"
In file included from ../main.c:2:
c:/winavr-20100110/lib/gcc/../../avr/include/util/delay.h:90:3: warning: #warning "Compiler optimizations disabled; functions from <util/delay.h> won't work as designed"
../main.c: In function 'main':
../main.c:54: warning: implicit declaration of function 'LDR_getlightIntensity'
Finished building: ../main.c
 
Building file: ../pwm.c
Invoking: AVR Compiler
avr-gcc -Wall -g2 -gstabs -O0 -fpack-struct -fshort-enums -ffunction-sections -fdata-sections -std=gnu99 -funsigned-char -funsigned-bitfields -mmcu=atmega32 -DF_CPU=16000000UL -MMD -MP -MF"pwm.d" -MT"pwm.o" -c -o "pwm.o" "../pwm.c"
Finished building: ../pwm.c
 
Building target: Standard_Embedded_Diploma_Mini_Project_3.elf
Invoking: AVR C Linker
avr-gcc -Wl,-Map,Standard_Embedded_Diploma_Mini_Project_3.map -mmcu=atmega32 -o "Standard_Embedded_Diploma_Mini_Project_3.elf"  ./adc.o ./buzzer.o ./flame_sensor.o ./gpio.o ./lcd.o ./ldr.o ./led.o ./lm35_sensor.o ./main.o ./motor.o ./pwm.o   
Finished building target: Standard_Embedded_Diploma_Mini_Project_3.elf
 
Invoking: AVR Create Extended Listing
avr-objdump -h -S Standard_Embedded_Diploma_Mini_Project_3.elf  >"Standard_Embedded_Diploma_Mini_Project_3.lss"
Finished building: Standard_Embedded_Diploma_Mini_Project_3.lss
 
Create Flash image (ihex format)
avr-objcopy -R .eeprom -R .fuse -R .lock -R .signature -O ihex Standard_Embedded_Diploma_Mini_Project_3.elf  "Standard_Embedded_Diploma_Mini_Project_3.hex"
Finished building: Standard_Embedded_Diploma_Mini_Project_3.hex
 
Invoking: Print Size
avr-size --format=avr --mcu=atmega32 Standard_Embedded_Diploma_Mini_Project_3.elf
AVR Memory Usage
----------------
Device: atmega32

Program:   10468 bytes (31.9% Full)
(.text + .data + .bootloader)

Data:        310 bytes (15.1% Full)
(.data + .bss + .noinit)


Finished building: sizedummy
 

04:14:04 Build Finished. 0 errors, 4 warnings. (took 1s.627ms)

